TN:
SF:/Users/felkerk/coding/ui-servicepoints/src/index.js
FN:15,(anonymous_0)
FN:18,(anonymous_1)
FN:22,(anonymous_2)
FN:40,(anonymous_3)
FN:45,(anonymous_4)
FN:50,(anonymous_5)
FN:55,(anonymous_6)
FNF:7
FNH:7
FNDA:1,(anonymous_0)
FNDA:16,(anonymous_1)
FNDA:25,(anonymous_2)
FNDA:7,(anonymous_3)
FNDA:1,(anonymous_4)
FNDA:15,(anonymous_5)
FNDA:1,(anonymous_6)
DA:19,16
DA:23,25
DA:24,25
DA:26,25
DA:28,0
DA:31,25
DA:34,3
DA:37,22
DA:41,7
DA:42,7
DA:46,1
DA:47,1
DA:51,15
DA:55,1
LF:14
LH:13
BRDA:26,0,0,0
BRDA:26,0,1,25
BRDA:26,1,0,25
BRDA:26,1,1,25
BRDA:26,1,2,8
BRDA:26,1,3,4
BRDA:31,2,0,3
BRDA:31,2,1,22
BRDA:31,3,0,25
BRDA:31,3,1,17
BRDA:31,3,2,6
BRDA:31,3,3,6
BRF:12
BRH:11
end_of_record
TN:
SF:/Users/felkerk/coding/ui-servicepoints/src/AccessModal/AccessModal.js
FN:12,(anonymous_0)
FN:17,(anonymous_1)
FN:21,(anonymous_2)
FN:29,(anonymous_3)
FN:37,(anonymous_4)
FNF:5
FNH:4
FNDA:3,(anonymous_0)
FNDA:1,(anonymous_1)
FNDA:4,(anonymous_2)
FNDA:0,(anonymous_3)
FNDA:1,(anonymous_4)
DA:13,3
DA:14,3
DA:18,1
DA:22,4
DA:23,4
DA:25,4
DA:29,0
DA:37,1
LF:8
LH:7
BRF:0
BRH:0
end_of_record
TN:
SF:/Users/felkerk/coding/ui-servicepoints/src/AccessModal/index.js
FNF:0
FNH:0
LF:0
LH:0
BRF:0
BRH:0
end_of_record
TN:
SF:/Users/felkerk/coding/ui-servicepoints/src/ServicePointsModal/ServicePointsModal.js
FN:15,(anonymous_0)
FN:23,(anonymous_1)
FN:40,(anonymous_2)
FN:46,(anonymous_3)
FNF:4
FNH:4
FNDA:1,(anonymous_0)
FNDA:15,(anonymous_1)
FNDA:36,(anonymous_2)
FNDA:1,(anonymous_3)
DA:16,1
DA:17,1
DA:18,1
DA:19,1
DA:24,15
DA:25,15
DA:26,15
DA:28,15
DA:41,36
DA:46,1
LF:10
LH:10
BRDA:18,0,0,1
BRDA:18,0,1,0
BRDA:42,1,0,12
BRDA:42,1,1,24
BRF:4
BRH:3
end_of_record
TN:
SF:/Users/felkerk/coding/ui-servicepoints/src/ServicePointsModal/index.js
FNF:0
FNH:0
LF:0
LH:0
BRF:0
BRH:0
end_of_record
